0 info it worked if it ends with ok
1 verbose cli [ 'C:\\Program Files (x86)\\nodejs\\\\node.exe',
1 verbose cli   'C:\\Program Files (x86)\\nodejs\\node_modules\\npm\\bin\\npm-cli.js',
1 verbose cli   'install',
1 verbose cli   'qrcode' ]
2 info using npm@1.4.23
3 info using node@v0.10.31
4 verbose node symlink C:\Program Files (x86)\nodejs\\node.exe
5 verbose readDependencies using package.json deps
6 verbose cache add [ 'qrcode', null ]
7 verbose cache add name=undefined spec="qrcode" args=["qrcode",null]
8 verbose parsed url { protocol: null,
8 verbose parsed url   slashes: null,
8 verbose parsed url   auth: null,
8 verbose parsed url   host: null,
8 verbose parsed url   port: null,
8 verbose parsed url   hostname: null,
8 verbose parsed url   hash: null,
8 verbose parsed url   search: null,
8 verbose parsed url   query: null,
8 verbose parsed url   pathname: 'qrcode',
8 verbose parsed url   path: 'qrcode',
8 verbose parsed url   href: 'qrcode' }
9 silly lockFile 73b35df1-qrcode qrcode
10 verbose lock qrcode C:\Users\User\AppData\Roaming\npm-cache\73b35df1-qrcode.lock
11 silly lockFile 73b35df1-qrcode qrcode
12 silly lockFile 73b35df1-qrcode qrcode
13 verbose addNamed [ 'qrcode', '' ]
14 verbose addNamed [ null, '*' ]
15 silly lockFile 2ca56d64-qrcode qrcode@
16 verbose lock qrcode@ C:\Users\User\AppData\Roaming\npm-cache\2ca56d64-qrcode.lock
17 silly addNameRange { name: 'qrcode', range: '*', hasData: false }
18 verbose request where is /qrcode
19 verbose request registry https://registry.npmjs.org/
20 verbose request id 7502c15f4cb0db30
21 verbose url raw /qrcode
22 verbose url resolving [ 'https://registry.npmjs.org/', './qrcode' ]
23 verbose url resolved https://registry.npmjs.org/qrcode
24 verbose request where is https://registry.npmjs.org/qrcode
25 info trying registry request attempt 1 at 19:53:56
26 http GET https://registry.npmjs.org/qrcode
27 http 200 https://registry.npmjs.org/qrcode
28 silly registry.get cb [ 200,
28 silly registry.get   { date: 'Thu, 01 Jan 2015 03:53:54 GMT',
28 silly registry.get     server: 'CouchDB/1.5.0 (Erlang OTP/R14B04)',
28 silly registry.get     etag: '"C1ETU27OM5PJ7V9RRHKDIEO2T"',
28 silly registry.get     'content-type': 'application/json',
28 silly registry.get     'cache-control': 'max-age=60',
28 silly registry.get     'content-length': '22388',
28 silly registry.get     'accept-ranges': 'bytes',
28 silly registry.get     via: '1.1 varnish',
28 silly registry.get     age: '0',
28 silly registry.get     'x-served-by': 'cache-sjc3135-SJC',
28 silly registry.get     'x-cache': 'MISS',
28 silly registry.get     'x-cache-hits': '0',
28 silly registry.get     'x-timer': 'S1420084433.942556,VS0,VE176',
28 silly registry.get     vary: 'Accept',
28 silly registry.get     'keep-alive': 'timeout=10, max=50',
28 silly registry.get     connection: 'Keep-Alive' } ]
29 silly addNameRange number 2 { name: 'qrcode', range: '*', hasData: true }
30 silly addNameRange versions [ 'qrcode',
30 silly addNameRange   [ '0.0.1',
30 silly addNameRange     '0.0.2',
30 silly addNameRange     '0.0.3',
30 silly addNameRange     '0.1.0',
30 silly addNameRange     '0.1.1',
30 silly addNameRange     '0.2.2',
30 silly addNameRange     '0.2.3',
30 silly addNameRange     '0.2.4',
30 silly addNameRange     '0.2.5',
30 silly addNameRange     '0.2.6',
30 silly addNameRange     '0.2.7',
30 silly addNameRange     '0.2.8',
30 silly addNameRange     '0.2.9',
30 silly addNameRange     '0.2.10',
30 silly addNameRange     '0.2.11',
30 silly addNameRange     '0.2.12' ] ]
31 verbose addNamed [ 'qrcode', '0.2.12' ]
32 verbose addNamed [ '0.2.12', '0.2.12' ]
33 silly lockFile 880108f3-qrcode-0-2-12 qrcode@0.2.12
34 verbose lock qrcode@0.2.12 C:\Users\User\AppData\Roaming\npm-cache\880108f3-qrcode-0-2-12.lock
35 silly lockFile 40140a43-mjs-org-qrcode-qrcode-0-2-12-tgz https://registry.npmjs.org/qrcode/-/qrcode-0.2.12.tgz
36 verbose lock https://registry.npmjs.org/qrcode/-/qrcode-0.2.12.tgz C:\Users\User\AppData\Roaming\npm-cache\40140a43-mjs-org-qrcode-qrcode-0-2-12-tgz.lock
37 verbose addRemoteTarball [ 'https://registry.npmjs.org/qrcode/-/qrcode-0.2.12.tgz',
37 verbose addRemoteTarball   'fbe89ce3ca608c90546c7ac63dce04d136c96a6e' ]
38 info retry fetch attempt 1 at 19:53:57
39 verbose fetch to= C:\Users\User\AppData\Local\Temp\npm-14100-wrJOzpZj\registry.npmjs.org\qrcode\-\qrcode-0.2.12.tgz
40 http GET https://registry.npmjs.org/qrcode/-/qrcode-0.2.12.tgz
41 http 200 https://registry.npmjs.org/qrcode/-/qrcode-0.2.12.tgz
42 silly lockFile 40140a43-mjs-org-qrcode-qrcode-0-2-12-tgz https://registry.npmjs.org/qrcode/-/qrcode-0.2.12.tgz
43 silly lockFile 40140a43-mjs-org-qrcode-qrcode-0-2-12-tgz https://registry.npmjs.org/qrcode/-/qrcode-0.2.12.tgz
44 silly lockFile 880108f3-qrcode-0-2-12 qrcode@0.2.12
45 silly lockFile 880108f3-qrcode-0-2-12 qrcode@0.2.12
46 silly lockFile 2ca56d64-qrcode qrcode@
47 silly lockFile 2ca56d64-qrcode qrcode@
48 silly resolved [ { name: 'qrcode',
48 silly resolved     description: 'QRCode / 2d Barcode api with both server side and client side support using canvas',
48 silly resolved     version: '0.2.12',
48 silly resolved     author: { name: 'Ryan Day', email: 'soldair@gmail.com' },
48 silly resolved     keywords: [ 'canvas', 'qrcode', 'barcode' ],
48 silly resolved     main: './qrcode.js',
48 silly resolved     homepage: 'http://github.com/soldair/node-qrcode',
48 silly resolved     scripts:
48 silly resolved      { pretest: 'node build.js',
48 silly resolved        prepublish: 'node build.js',
48 silly resolved        test: 'tap test/url.js' },
48 silly resolved     bin: { qrcode: './bin/qrcode' },
48 silly resolved     dependencies: { canvas: '~1.1.6', colors: '*', bops: '0.0.6' },
48 silly resolved     devDependencies:
48 silly resolved      { express: '2.5.x',
48 silly resolved        browserify: '~2.29.0',
48 silly resolved        'uglify-js': '1.2.x',
48 silly resolved        canvasutil: '*',
48 silly resolved        tap: '*' },
48 silly resolved     repository: { type: 'git', url: 'git://github.com/soldair/node-qrcode.git' },
48 silly resolved     engines: { node: '>= 0.6.0' },
48 silly resolved     gitHead: 'e9dbcd102297deb82f174c2a458758a4dd53a166',
48 silly resolved     bugs: { url: 'https://github.com/soldair/node-qrcode/issues' },
48 silly resolved     _id: 'qrcode@0.2.12',
48 silly resolved     _shasum: 'fbe89ce3ca608c90546c7ac63dce04d136c96a6e',
48 silly resolved     _from: 'qrcode@',
48 silly resolved     _npmVersion: '1.4.20',
48 silly resolved     _npmUser: { name: 'soldair', email: 'soldair@gmail.com' },
48 silly resolved     maintainers: [ [Object] ],
48 silly resolved     dist:
48 silly resolved      { shasum: 'fbe89ce3ca608c90546c7ac63dce04d136c96a6e',
48 silly resolved        tarball: 'http://registry.npmjs.org/qrcode/-/qrcode-0.2.12.tgz' },
48 silly resolved     directories: {},
48 silly resolved     _resolved: 'https://registry.npmjs.org/qrcode/-/qrcode-0.2.12.tgz' } ]
49 info install qrcode@0.2.12 into T:\GitHub\Clipboard
50 info installOne qrcode@0.2.12
51 verbose node_modules\qrcode unbuild
52 verbose tar unpack C:\Users\User\AppData\Roaming\npm-cache\qrcode\0.2.12\package.tgz
53 silly lockFile f6e09b62-ub-Clipboard-node-modules-qrcode tar://T:\GitHub\Clipboard\node_modules\qrcode
54 verbose lock tar://T:\GitHub\Clipboard\node_modules\qrcode C:\Users\User\AppData\Roaming\npm-cache\f6e09b62-ub-Clipboard-node-modules-qrcode.lock
55 silly lockFile 4cc2cdea--cache-qrcode-0-2-12-package-tgz tar://C:\Users\User\AppData\Roaming\npm-cache\qrcode\0.2.12\package.tgz
56 verbose lock tar://C:\Users\User\AppData\Roaming\npm-cache\qrcode\0.2.12\package.tgz C:\Users\User\AppData\Roaming\npm-cache\4cc2cdea--cache-qrcode-0-2-12-package-tgz.lock
57 silly gunzTarPerm modes [ '777', '666' ]
58 silly gunzTarPerm extractEntry package.json
59 silly gunzTarPerm modified mode [ 'package.json', 436, 438 ]
60 silly gunzTarPerm extractEntry .npmignore
61 silly gunzTarPerm modified mode [ '.npmignore', 436, 438 ]
62 silly gunzTarPerm extractEntry README.md
63 silly gunzTarPerm modified mode [ 'README.md', 436, 438 ]
64 silly gunzTarPerm extractEntry a.js
65 silly gunzTarPerm modified mode [ 'a.js', 436, 438 ]
66 silly gunzTarPerm extractEntry b.js
67 silly gunzTarPerm modified mode [ 'b.js', 436, 438 ]
68 silly gunzTarPerm extractEntry build.js
69 silly gunzTarPerm modified mode [ 'build.js', 436, 438 ]
70 silly gunzTarPerm extractEntry qrcode.js
71 silly gunzTarPerm modified mode [ 'qrcode.js', 436, 438 ]
72 silly gunzTarPerm extractEntry qrcodeclient.js
73 silly gunzTarPerm modified mode [ 'qrcodeclient.js', 436, 438 ]
74 silly gunzTarPerm extractEntry .travis.yml
75 silly gunzTarPerm modified mode [ '.travis.yml', 436, 438 ]
76 silly gunzTarPerm extractEntry file.txt
77 silly gunzTarPerm modified mode [ 'file.txt', 436, 438 ]
78 silly gunzTarPerm extractEntry .jshintignore
79 silly gunzTarPerm modified mode [ '.jshintignore', 436, 438 ]
80 silly gunzTarPerm extractEntry lib/qrcapacitytable.js
81 silly gunzTarPerm modified mode [ 'lib/qrcapacitytable.js', 436, 438 ]
82 silly gunzTarPerm extractEntry lib/qrcode-draw.js
83 silly gunzTarPerm modified mode [ 'lib/qrcode-draw.js', 436, 438 ]
84 silly gunzTarPerm extractEntry lib/qrcode.js
85 silly gunzTarPerm modified mode [ 'lib/qrcode.js', 436, 438 ]
86 silly gunzTarPerm extractEntry lib/termialrender.js
87 silly gunzTarPerm modified mode [ 'lib/termialrender.js', 436, 438 ]
88 silly gunzTarPerm extractEntry test.png
89 silly gunzTarPerm modified mode [ 'test.png', 436, 438 ]
90 silly gunzTarPerm extractEntry vendors/excanvas/README
91 silly gunzTarPerm modified mode [ 'vendors/excanvas/README', 436, 438 ]
92 silly gunzTarPerm extractEntry vendors/excanvas/excanvas.compiled.js
93 silly gunzTarPerm modified mode [ 'vendors/excanvas/excanvas.compiled.js', 436, 438 ]
94 silly gunzTarPerm extractEntry vendors/excanvas/excanvas.js
95 silly gunzTarPerm modified mode [ 'vendors/excanvas/excanvas.js', 436, 438 ]
96 silly gunzTarPerm extractEntry bin/qrcode
97 silly gunzTarPerm modified mode [ 'bin/qrcode', 493, 511 ]
98 silly gunzTarPerm extractEntry build/qrcode.js
99 silly gunzTarPerm modified mode [ 'build/qrcode.js', 436, 438 ]
100 silly gunzTarPerm extractEntry build/qrcode.min.js
101 silly gunzTarPerm modified mode [ 'build/qrcode.min.js', 436, 438 ]
102 silly gunzTarPerm extractEntry build/.g
103 silly gunzTarPerm modified mode [ 'build/.g', 436, 438 ]
104 silly gunzTarPerm extractEntry test/cli.js
105 silly gunzTarPerm modified mode [ 'test/cli.js', 436, 438 ]
106 silly gunzTarPerm extractEntry test/clientsideserver.js
107 silly gunzTarPerm modified mode [ 'test/clientsideserver.js', 436, 438 ]
108 silly gunzTarPerm extractEntry test/save.js
109 silly gunzTarPerm modified mode [ 'test/save.js', 436, 438 ]
110 silly gunzTarPerm extractEntry test/server.js
111 silly gunzTarPerm modified mode [ 'test/server.js', 436, 438 ]
112 silly gunzTarPerm extractEntry test/url.js
113 silly gunzTarPerm modified mode [ 'test/url.js', 436, 438 ]
114 silly gunzTarPerm extractEntry test/clientside.html
115 silly gunzTarPerm modified mode [ 'test/clientside.html', 436, 438 ]
116 silly gunzTarPerm extractEntry test/fixtures/bacon-bikini.png
117 silly gunzTarPerm modified mode [ 'test/fixtures/bacon-bikini.png', 436, 438 ]
118 silly gunzTarPerm extractEntry test/fixtures/bacon-love.png
119 silly gunzTarPerm modified mode [ 'test/fixtures/bacon-love.png', 436, 438 ]
120 silly gunzTarPerm extractEntry test.html
121 silly gunzTarPerm modified mode [ 'test.html', 436, 438 ]
122 silly gunzTarPerm extractEntry hi.png
123 silly gunzTarPerm modified mode [ 'hi.png', 436, 438 ]
124 silly lockFile f6e09b62-ub-Clipboard-node-modules-qrcode tar://T:\GitHub\Clipboard\node_modules\qrcode
125 silly lockFile f6e09b62-ub-Clipboard-node-modules-qrcode tar://T:\GitHub\Clipboard\node_modules\qrcode
126 silly lockFile 4cc2cdea--cache-qrcode-0-2-12-package-tgz tar://C:\Users\User\AppData\Roaming\npm-cache\qrcode\0.2.12\package.tgz
127 silly lockFile 4cc2cdea--cache-qrcode-0-2-12-package-tgz tar://C:\Users\User\AppData\Roaming\npm-cache\qrcode\0.2.12\package.tgz
128 info preinstall qrcode@0.2.12
129 verbose readDependencies using package.json deps
130 verbose readDependencies using package.json deps
131 verbose cache add [ 'canvas@~1.1.6', null ]
132 verbose cache add name=undefined spec="canvas@~1.1.6" args=["canvas@~1.1.6",null]
133 verbose parsed url { protocol: null,
133 verbose parsed url   slashes: null,
133 verbose parsed url   auth: null,
133 verbose parsed url   host: null,
133 verbose parsed url   port: null,
133 verbose parsed url   hostname: null,
133 verbose parsed url   hash: null,
133 verbose parsed url   search: null,
133 verbose parsed url   query: null,
133 verbose parsed url   pathname: 'canvas@~1.1.6',
133 verbose parsed url   path: 'canvas@~1.1.6',
133 verbose parsed url   href: 'canvas@~1.1.6' }
134 verbose cache add [ 'colors@*', null ]
135 verbose cache add name=undefined spec="colors@*" args=["colors@*",null]
136 verbose parsed url { protocol: null,
136 verbose parsed url   slashes: null,
136 verbose parsed url   auth: null,
136 verbose parsed url   host: null,
136 verbose parsed url   port: null,
136 verbose parsed url   hostname: null,
136 verbose parsed url   hash: null,
136 verbose parsed url   search: null,
136 verbose parsed url   query: null,
136 verbose parsed url   pathname: 'colors@*',
136 verbose parsed url   path: 'colors@*',
136 verbose parsed url   href: 'colors@*' }
137 verbose cache add [ 'bops@0.0.6', null ]
138 verbose cache add name=undefined spec="bops@0.0.6" args=["bops@0.0.6",null]
139 verbose parsed url { protocol: null,
139 verbose parsed url   slashes: null,
139 verbose parsed url   auth: null,
139 verbose parsed url   host: null,
139 verbose parsed url   port: null,
139 verbose parsed url   hostname: null,
139 verbose parsed url   hash: null,
139 verbose parsed url   search: null,
139 verbose parsed url   query: null,
139 verbose parsed url   pathname: 'bops@0.0.6',
139 verbose parsed url   path: 'bops@0.0.6',
139 verbose parsed url   href: 'bops@0.0.6' }
140 verbose cache add name="canvas" spec="~1.1.6" args=["canvas","~1.1.6"]
141 verbose parsed url { protocol: null,
141 verbose parsed url   slashes: null,
141 verbose parsed url   auth: null,
141 verbose parsed url   host: null,
141 verbose parsed url   port: null,
141 verbose parsed url   hostname: null,
141 verbose parsed url   hash: null,
141 verbose parsed url   search: null,
141 verbose parsed url   query: null,
141 verbose parsed url   pathname: '~1.1.6',
141 verbose parsed url   path: '~1.1.6',
141 verbose parsed url   href: '~1.1.6' }
142 verbose addNamed [ 'canvas', '~1.1.6' ]
143 verbose addNamed [ null, '>=1.1.6-0 <1.2.0-0' ]
144 silly lockFile 327e4225-canvas-1-1-6 canvas@~1.1.6
145 verbose lock canvas@~1.1.6 C:\Users\User\AppData\Roaming\npm-cache\327e4225-canvas-1-1-6.lock
146 verbose cache add name="colors" spec="*" args=["colors","*"]
147 verbose parsed url { protocol: null,
147 verbose parsed url   slashes: null,
147 verbose parsed url   auth: null,
147 verbose parsed url   host: null,
147 verbose parsed url   port: null,
147 verbose parsed url   hostname: null,
147 verbose parsed url   hash: null,
147 verbose parsed url   search: null,
147 verbose parsed url   query: null,
147 verbose parsed url   pathname: '*',
147 verbose parsed url   path: '*',
147 verbose parsed url   href: '*' }
148 verbose addNamed [ 'colors', '*' ]
149 verbose addNamed [ null, '*' ]
150 silly lockFile 9ee7deec-colors colors@*
151 verbose lock colors@* C:\Users\User\AppData\Roaming\npm-cache\9ee7deec-colors.lock
152 verbose cache add name="bops" spec="0.0.6" args=["bops","0.0.6"]
153 verbose parsed url { protocol: null,
153 verbose parsed url   slashes: null,
153 verbose parsed url   auth: null,
153 verbose parsed url   host: null,
153 verbose parsed url   port: null,
153 verbose parsed url   hostname: null,
153 verbose parsed url   hash: null,
153 verbose parsed url   search: null,
153 verbose parsed url   query: null,
153 verbose parsed url   pathname: '0.0.6',
153 verbose parsed url   path: '0.0.6',
153 verbose parsed url   href: '0.0.6' }
154 verbose addNamed [ 'bops', '0.0.6' ]
155 verbose addNamed [ '0.0.6', '0.0.6' ]
156 silly lockFile f7ce2a2d-bops-0-0-6 bops@0.0.6
157 verbose lock bops@0.0.6 C:\Users\User\AppData\Roaming\npm-cache\f7ce2a2d-bops-0-0-6.lock
158 silly addNameRange { name: 'canvas', range: '>=1.1.6-0 <1.2.0-0', hasData: false }
159 silly addNameRange { name: 'colors', range: '*', hasData: false }
160 verbose request where is /canvas
161 verbose request registry https://registry.npmjs.org/
162 verbose url raw /canvas
163 verbose url resolving [ 'https://registry.npmjs.org/', './canvas' ]
164 verbose url resolved https://registry.npmjs.org/canvas
165 verbose request where is https://registry.npmjs.org/canvas
166 info trying registry request attempt 1 at 19:53:58
167 http GET https://registry.npmjs.org/canvas
168 verbose request where is /bops
169 verbose request registry https://registry.npmjs.org/
170 verbose url raw /bops
171 verbose url resolving [ 'https://registry.npmjs.org/', './bops' ]
172 verbose url resolved https://registry.npmjs.org/bops
173 verbose request where is https://registry.npmjs.org/bops
174 info trying registry request attempt 1 at 19:53:58
175 http GET https://registry.npmjs.org/bops
176 verbose request where is /colors
177 verbose request registry https://registry.npmjs.org/
178 verbose url raw /colors
179 verbose url resolving [ 'https://registry.npmjs.org/', './colors' ]
180 verbose url resolved https://registry.npmjs.org/colors
181 verbose request where is https://registry.npmjs.org/colors
182 info trying registry request attempt 1 at 19:53:58
183 verbose etag "AGUZIO367R1WYDA04IK2SCLZD"
184 http GET https://registry.npmjs.org/colors
185 http 304 https://registry.npmjs.org/colors
186 silly registry.get cb [ 304,
186 silly registry.get   { date: 'Thu, 01 Jan 2015 03:53:56 GMT',
186 silly registry.get     server: 'Apache',
186 silly registry.get     via: '1.1 varnish',
186 silly registry.get     'last-modified': 'Thu, 01 Jan 2015 03:53:14 GMT',
186 silly registry.get     'cache-control': 'max-age=60',
186 silly registry.get     etag: '"AGUZIO367R1WYDA04IK2SCLZD"',
186 silly registry.get     age: '55',
186 silly registry.get     'x-served-by': 'cache-sjc3124-SJC',
186 silly registry.get     'x-cache': 'HIT',
186 silly registry.get     'x-cache-hits': '2',
186 silly registry.get     'x-timer': 'S1420084436.175659,VS0,VE0',
186 silly registry.get     vary: 'Accept',
186 silly registry.get     'content-length': '0',
186 silly registry.get     'keep-alive': 'timeout=10, max=50',
186 silly registry.get     connection: 'Keep-Alive' } ]
187 verbose etag https://registry.npmjs.org/colors from cache
188 silly addNameRange number 2 { name: 'colors', range: '*', hasData: true }
189 silly addNameRange versions [ 'colors',
189 silly addNameRange   [ '0.3.0',
189 silly addNameRange     '0.5.0',
189 silly addNameRange     '0.5.1',
189 silly addNameRange     '0.6.0',
189 silly addNameRange     '0.6.0-1',
189 silly addNameRange     '0.6.1',
189 silly addNameRange     '0.6.2',
189 silly addNameRange     '1.0.0',
189 silly addNameRange     '1.0.1',
189 silly addNameRange     '1.0.2',
189 silly addNameRange     '1.0.3' ] ]
190 verbose addNamed [ 'colors', '1.0.3' ]
191 verbose addNamed [ '1.0.3', '1.0.3' ]
192 silly lockFile 2ed681a9-colors-1-0-3 colors@1.0.3
193 verbose lock colors@1.0.3 C:\Users\User\AppData\Roaming\npm-cache\2ed681a9-colors-1-0-3.lock
194 silly lockFile 2ed681a9-colors-1-0-3 colors@1.0.3
195 silly lockFile 2ed681a9-colors-1-0-3 colors@1.0.3
196 silly lockFile 9ee7deec-colors colors@*
197 silly lockFile 9ee7deec-colors colors@*
198 http 200 https://registry.npmjs.org/bops
199 silly registry.get cb [ 200,
199 silly registry.get   { date: 'Thu, 01 Jan 2015 03:53:56 GMT',
199 silly registry.get     server: 'CouchDB/1.5.0 (Erlang OTP/R14B04)',
199 silly registry.get     etag: '"2AJ6UK0O7AJIUPFQEN3PH6Z4R"',
199 silly registry.get     'content-type': 'application/json',
199 silly registry.get     'cache-control': 'max-age=60',
199 silly registry.get     'content-length': '16632',
199 silly registry.get     'accept-ranges': 'bytes',
199 silly registry.get     via: '1.1 varnish',
199 silly registry.get     age: '0',
199 silly registry.get     'x-served-by': 'cache-sjc3131-SJC',
199 silly registry.get     'x-cache': 'MISS',
199 silly registry.get     'x-cache-hits': '0',
199 silly registry.get     'x-timer': 'S1420084436.182977,VS0,VE171',
199 silly registry.get     vary: 'Accept',
199 silly registry.get     'keep-alive': 'timeout=10, max=50',
199 silly registry.get     connection: 'Keep-Alive' } ]
200 silly lockFile ca68abd3-ry-npmjs-org-bops-bops-0-0-6-tgz https://registry.npmjs.org/bops/-/bops-0.0.6.tgz
201 verbose lock https://registry.npmjs.org/bops/-/bops-0.0.6.tgz C:\Users\User\AppData\Roaming\npm-cache\ca68abd3-ry-npmjs-org-bops-bops-0-0-6-tgz.lock
202 verbose addRemoteTarball [ 'https://registry.npmjs.org/bops/-/bops-0.0.6.tgz',
202 verbose addRemoteTarball   '082d1d55fa01e60dbdc2ebc2dba37f659554cf3a' ]
203 info retry fetch attempt 1 at 19:53:59
204 verbose fetch to= C:\Users\User\AppData\Local\Temp\npm-14100-wrJOzpZj\registry.npmjs.org\bops\-\bops-0.0.6.tgz
205 http GET https://registry.npmjs.org/bops/-/bops-0.0.6.tgz
206 http 200 https://registry.npmjs.org/canvas
207 silly registry.get cb [ 200,
207 silly registry.get   { date: 'Thu, 01 Jan 2015 03:53:56 GMT',
207 silly registry.get     server: 'CouchDB/1.5.0 (Erlang OTP/R16B03)',
207 silly registry.get     etag: '"30RGNMFF04IG85ZLQFF7KWYRT"',
207 silly registry.get     'content-type': 'application/json',
207 silly registry.get     'cache-control': 'max-age=60',
207 silly registry.get     'content-length': '62346',
207 silly registry.get     'accept-ranges': 'bytes',
207 silly registry.get     via: '1.1 varnish',
207 silly registry.get     age: '0',
207 silly registry.get     'x-served-by': 'cache-sjc3121-SJC',
207 silly registry.get     'x-cache': 'MISS',
207 silly registry.get     'x-cache-hits': '0',
207 silly registry.get     'x-timer': 'S1420084436.169959,VS0,VE210',
207 silly registry.get     vary: 'Accept',
207 silly registry.get     'keep-alive': 'timeout=10, max=50',
207 silly registry.get     connection: 'Keep-Alive' } ]
208 silly addNameRange number 2 { name: 'canvas', range: '>=1.1.6-0 <1.2.0-0', hasData: true }
209 silly addNameRange versions [ 'canvas',
209 silly addNameRange   [ '0.0.1',
209 silly addNameRange     '0.0.2',
209 silly addNameRange     '0.0.3',
209 silly addNameRange     '0.0.4',
209 silly addNameRange     '0.0.5',
209 silly addNameRange     '0.0.6',
209 silly addNameRange     '0.0.7',
209 silly addNameRange     '0.0.8',
209 silly addNameRange     '0.1.0',
209 silly addNameRange     '0.2.0',
209 silly addNameRange     '0.2.1',
209 silly addNameRange     '0.3.0',
209 silly addNameRange     '0.3.1',
209 silly addNameRange     '0.3.2',
209 silly addNameRange     '0.3.3',
209 silly addNameRange     '0.4.0',
209 silly addNameRange     '0.4.1',
209 silly addNameRange     '0.4.2',
209 silly addNameRange     '0.4.3',
209 silly addNameRange     '0.5.0',
209 silly addNameRange     '0.5.1',
209 silly addNameRange     '0.5.2',
209 silly addNameRange     '0.5.3',
209 silly addNameRange     '0.5.4',
209 silly addNameRange     '0.6.0',
209 silly addNameRange     '0.7.0',
209 silly addNameRange     '0.7.1',
209 silly addNameRange     '0.7.2',
209 silly addNameRange     '0.7.3',
209 silly addNameRange     '0.8.0',
209 silly addNameRange     '0.8.1',
209 silly addNameRange     '0.8.2',
209 silly addNameRange     '0.8.3',
209 silly addNameRange     '0.9.0',
209 silly addNameRange     '0.10.0',
209 silly addNameRange     '0.10.1',
209 silly addNameRange     '0.10.2',
209 silly addNameRange     '0.10.3',
209 silly addNameRange     '0.11.0',
209 silly addNameRange     '0.11.1',
209 silly addNameRange     '0.11.2',
209 silly addNameRange     '0.11.3',
209 silly addNameRange     '0.12.0',
209 silly addNameRange     '0.12.1',
209 silly addNameRange     '0.13.0',
209 silly addNameRange     '0.13.1',
209 silly addNameRange     '1.0.0',
209 silly addNameRange     '1.0.1',
209 silly addNameRange     '1.0.2',
209 silly addNameRange     '1.0.3',
209 silly addNameRange     '1.0.4',
209 silly addNameRange     '1.1.0',
209 silly addNameRange     '1.1.1',
209 silly addNameRange     '1.1.2',
209 silly addNameRange     '1.1.3',
209 silly addNameRange     '1.1.4',
209 silly addNameRange     '1.1.5',
209 silly addNameRange     '1.1.6' ] ]
210 verbose addNamed [ 'canvas', '1.1.6' ]
211 verbose addNamed [ '1.1.6', '1.1.6' ]
212 silly lockFile 4f76786f-canvas-1-1-6 canvas@1.1.6
213 verbose lock canvas@1.1.6 C:\Users\User\AppData\Roaming\npm-cache\4f76786f-canvas-1-1-6.lock
214 silly lockFile 893c69ff-pmjs-org-canvas-canvas-1-1-6-tgz https://registry.npmjs.org/canvas/-/canvas-1.1.6.tgz
215 verbose lock https://registry.npmjs.org/canvas/-/canvas-1.1.6.tgz C:\Users\User\AppData\Roaming\npm-cache\893c69ff-pmjs-org-canvas-canvas-1-1-6-tgz.lock
216 verbose addRemoteTarball [ 'https://registry.npmjs.org/canvas/-/canvas-1.1.6.tgz',
216 verbose addRemoteTarball   'd84b088f3bcd3840fe14977cd3625f5fe89f81ee' ]
217 info retry fetch attempt 1 at 19:53:59
218 verbose fetch to= C:\Users\User\AppData\Local\Temp\npm-14100-wrJOzpZj\registry.npmjs.org\canvas\-\canvas-1.1.6.tgz
219 http GET https://registry.npmjs.org/canvas/-/canvas-1.1.6.tgz
220 http 200 https://registry.npmjs.org/bops/-/bops-0.0.6.tgz
221 silly lockFile ca68abd3-ry-npmjs-org-bops-bops-0-0-6-tgz https://registry.npmjs.org/bops/-/bops-0.0.6.tgz
222 silly lockFile ca68abd3-ry-npmjs-org-bops-bops-0-0-6-tgz https://registry.npmjs.org/bops/-/bops-0.0.6.tgz
223 silly lockFile f7ce2a2d-bops-0-0-6 bops@0.0.6
224 silly lockFile f7ce2a2d-bops-0-0-6 bops@0.0.6
225 http 200 https://registry.npmjs.org/canvas/-/canvas-1.1.6.tgz
226 silly lockFile 893c69ff-pmjs-org-canvas-canvas-1-1-6-tgz https://registry.npmjs.org/canvas/-/canvas-1.1.6.tgz
227 silly lockFile 893c69ff-pmjs-org-canvas-canvas-1-1-6-tgz https://registry.npmjs.org/canvas/-/canvas-1.1.6.tgz
228 silly lockFile 4f76786f-canvas-1-1-6 canvas@1.1.6
229 silly lockFile 4f76786f-canvas-1-1-6 canvas@1.1.6
230 silly lockFile 327e4225-canvas-1-1-6 canvas@~1.1.6
231 silly lockFile 327e4225-canvas-1-1-6 canvas@~1.1.6
232 silly resolved [ { name: 'colors',
232 silly resolved     description: 'get colors in your node.js console',
232 silly resolved     version: '1.0.3',
232 silly resolved     author: { name: 'Marak Squires' },
232 silly resolved     homepage: 'https://github.com/Marak/colors.js',
232 silly resolved     bugs: { url: 'https://github.com/Marak/colors.js/issues' },
232 silly resolved     keywords: [ 'ansi', 'terminal', 'colors' ],
232 silly resolved     repository: { type: 'git', url: 'http://github.com/Marak/colors.js.git' },
232 silly resolved     license: 'MIT',
232 silly resolved     scripts: { test: 'node tests/basic-test.js && node tests/safe-test.js' },
232 silly resolved     engines: { node: '>=0.1.90' },
232 silly resolved     main: './lib/index',
232 silly resolved     gitHead: 'e9e6557cc0fa26dba1a20b0d45e92de982f4047c',
232 silly resolved     _id: 'colors@1.0.3',
232 silly resolved     _shasum: '0433f44d809680fdeb60ed260f1b0c262e82a40b',
232 silly resolved     _from: 'colors@*',
232 silly resolved     _npmVersion: '2.0.2',
232 silly resolved     _nodeVersion: '0.11.13',
232 silly resolved     _npmUser: { name: 'marak', email: 'marak.squires@gmail.com' },
232 silly resolved     maintainers: [ [Object] ],
232 silly resolved     dist:
232 silly resolved      { shasum: '0433f44d809680fdeb60ed260f1b0c262e82a40b',
232 silly resolved        tarball: 'http://registry.npmjs.org/colors/-/colors-1.0.3.tgz' },
232 silly resolved     directories: {},
232 silly resolved     _resolved: 'https://registry.npmjs.org/colors/-/colors-1.0.3.tgz',
232 silly resolved     readme: 'ERROR: No README data found!' },
232 silly resolved   { name: 'bops',
232 silly resolved     version: '0.0.6',
232 silly resolved     description: 'buffer operations',
232 silly resolved     main: 'index.js',
232 silly resolved     scripts: { test: 'node test/index.js' },
232 silly resolved     browser:
232 silly resolved      { './copy.js': './typedarray/copy.js',
232 silly resolved        './create.js': './typedarray/create.js',
232 silly resolved        './from.js': './typedarray/from.js',
232 silly resolved        './join.js': './typedarray/join.js',
232 silly resolved        './mapped.js': './typedarray/mapped.js',
232 silly resolved        './read.js': './typedarray/read.js',
232 silly resolved        './subarray.js': './typedarray/subarray.js',
232 silly resolved        './to.js': './typedarray/to.js',
232 silly resolved        './is.js': './typedarray/is.js',
232 silly resolved        './write.js': './typedarray/write.js' },
232 silly resolved     repository: { type: 'git', url: 'git://github.com/chrisdickinson/bops.git' },
232 silly resolved     keywords: [ 'buffer', 'operations', 'binary' ],
232 silly resolved     author: { name: 'Chris Dickinson', email: 'chris@neversaw.us' },
232 silly resolved     license: 'MIT',
232 silly resolved     gitHead: '11f41e69b1ab4507027ac162981913b268445b4a',
232 silly resolved     devDependencies: { tape: '~1.0.1' },
232 silly resolved     dependencies: { 'base64-js': '0.0.2', 'to-utf8': '0.0.1' },
232 silly resolved     testling: { files: 'test/index.js', browsers: [Object] },
232 silly resolved     _id: 'bops@0.0.6',
232 silly resolved     dist:
232 silly resolved      { shasum: '082d1d55fa01e60dbdc2ebc2dba37f659554cf3a',
232 silly resolved        tarball: 'http://registry.npmjs.org/bops/-/bops-0.0.6.tgz' },
232 silly resolved     _from: 'bops@0.0.6',
232 silly resolved     _npmVersion: '1.2.14',
232 silly resolved     _npmUser: { name: 'chrisdickinson', email: 'chris@neversaw.us' },
232 silly resolved     maintainers: [ [Object] ],
232 silly resolved     directories: {},
232 silly resolved     _shasum: '082d1d55fa01e60dbdc2ebc2dba37f659554cf3a',
232 silly resolved     _resolved: 'https://registry.npmjs.org/bops/-/bops-0.0.6.tgz' },
232 silly resolved   { name: 'canvas',
232 silly resolved     description: 'Canvas graphics API backed by Cairo',
232 silly resolved     version: '1.1.6',
232 silly resolved     author: { name: 'TJ Holowaychuk', email: 'tj@learnboost.com' },
232 silly resolved     contributors: [ [Object], [Object], [Object] ],
232 silly resolved     keywords:
232 silly resolved      [ 'canvas',
232 silly resolved        'graphic',
232 silly resolved        'graphics',
232 silly resolved        'pixman',
232 silly resolved        'cairo',
232 silly resolved        'image',
232 silly resolved        'images',
232 silly resolved        'pdf' ],
232 silly resolved     homepage: 'https://github.com/learnboost/node-canvas',
232 silly resolved     repository: { type: 'git', url: 'git://github.com/learnboost/node-canvas' },
232 silly resolved     scripts: { test: 'make test', install: 'node-gyp rebuild' },
232 silly resolved     dependencies: { nan: '~1.2.0' },
232 silly resolved     devDependencies: { express: '3.0', jade: '0.28.1', mocha: '*', should: '*' },
232 silly resolved     engines: { node: '>= 0.6.0' },
232 silly resolved     main: './lib/canvas.js',
232 silly resolved     gypfile: true,
232 silly resolved     gitHead: '138abe9aa30b75e8406ceddd9177bff20ac44ceb',
232 silly resolved     bugs: { url: 'https://github.com/learnboost/node-canvas/issues' },
232 silly resolved     _id: 'canvas@1.1.6',
232 silly resolved     _shasum: 'd84b088f3bcd3840fe14977cd3625f5fe89f81ee',
232 silly resolved     _from: 'canvas@~1.1.6',
232 silly resolved     _npmVersion: '1.4.21',
232 silly resolved     _npmUser: { name: 'tootallnate', email: 'nathan@tootallnate.net' },
232 silly resolved     maintainers: [ [Object], [Object], [Object], [Object] ],
232 silly resolved     dist:
232 silly resolved      { shasum: 'd84b088f3bcd3840fe14977cd3625f5fe89f81ee',
232 silly resolved        tarball: 'http://registry.npmjs.org/canvas/-/canvas-1.1.6.tgz' },
232 silly resolved     directories: {},
232 silly resolved     _resolved: 'https://registry.npmjs.org/canvas/-/canvas-1.1.6.tgz' } ]
233 info install colors@1.0.3 into T:\GitHub\Clipboard\node_modules\qrcode
234 info install bops@0.0.6 into T:\GitHub\Clipboard\node_modules\qrcode
235 info install canvas@1.1.6 into T:\GitHub\Clipboard\node_modules\qrcode
236 info installOne colors@1.0.3
237 info installOne bops@0.0.6
238 info installOne canvas@1.1.6
239 verbose node_modules\qrcode\node_modules\colors unbuild
240 verbose tar unpack C:\Users\User\AppData\Roaming\npm-cache\colors\1.0.3\package.tgz
241 silly lockFile 22618155-dules-qrcode-node-modules-colors tar://T:\GitHub\Clipboard\node_modules\qrcode\node_modules\colors
242 verbose lock tar://T:\GitHub\Clipboard\node_modules\qrcode\node_modules\colors C:\Users\User\AppData\Roaming\npm-cache\22618155-dules-qrcode-node-modules-colors.lock
243 silly lockFile abb2d6f5-m-cache-colors-1-0-3-package-tgz tar://C:\Users\User\AppData\Roaming\npm-cache\colors\1.0.3\package.tgz
244 verbose lock tar://C:\Users\User\AppData\Roaming\npm-cache\colors\1.0.3\package.tgz C:\Users\User\AppData\Roaming\npm-cache\abb2d6f5-m-cache-colors-1-0-3-package-tgz.lock
245 silly gunzTarPerm modes [ '777', '666' ]
246 verbose node_modules\qrcode\node_modules\canvas unbuild
247 verbose node_modules\qrcode\node_modules\bops unbuild
248 silly gunzTarPerm extractEntry package.json
249 silly gunzTarPerm modified mode [ 'package.json', 420, 438 ]
250 verbose tar unpack C:\Users\User\AppData\Roaming\npm-cache\canvas\1.1.6\package.tgz
251 silly lockFile 2ef4e046-dules-qrcode-node-modules-canvas tar://T:\GitHub\Clipboard\node_modules\qrcode\node_modules\canvas
252 verbose lock tar://T:\GitHub\Clipboard\node_modules\qrcode\node_modules\canvas C:\Users\User\AppData\Roaming\npm-cache\2ef4e046-dules-qrcode-node-modules-canvas.lock
253 silly lockFile dab99309-m-cache-canvas-1-1-6-package-tgz tar://C:\Users\User\AppData\Roaming\npm-cache\canvas\1.1.6\package.tgz
254 verbose lock tar://C:\Users\User\AppData\Roaming\npm-cache\canvas\1.1.6\package.tgz C:\Users\User\AppData\Roaming\npm-cache\dab99309-m-cache-canvas-1-1-6-package-tgz.lock
255 verbose tar unpack C:\Users\User\AppData\Roaming\npm-cache\bops\0.0.6\package.tgz
256 silly lockFile fbd47bff-modules-qrcode-node-modules-bops tar://T:\GitHub\Clipboard\node_modules\qrcode\node_modules\bops
257 verbose lock tar://T:\GitHub\Clipboard\node_modules\qrcode\node_modules\bops C:\Users\User\AppData\Roaming\npm-cache\fbd47bff-modules-qrcode-node-modules-bops.lock
258 silly lockFile c1b43578-npm-cache-bops-0-0-6-package-tgz tar://C:\Users\User\AppData\Roaming\npm-cache\bops\0.0.6\package.tgz
259 verbose lock tar://C:\Users\User\AppData\Roaming\npm-cache\bops\0.0.6\package.tgz C:\Users\User\AppData\Roaming\npm-cache\c1b43578-npm-cache-bops-0-0-6-package-tgz.lock
260 silly gunzTarPerm modes [ '777', '666' ]
261 silly gunzTarPerm extractEntry safe.js
262 silly gunzTarPerm modified mode [ 'safe.js', 420, 438 ]
263 silly gunzTarPerm extractEntry .travis.yml
264 silly gunzTarPerm modified mode [ '.travis.yml', 420, 438 ]
265 silly gunzTarPerm modes [ '777', '666' ]
266 silly gunzTarPerm extractEntry package.json
267 silly gunzTarPerm modified mode [ 'package.json', 420, 438 ]
268 silly gunzTarPerm extractEntry package.json
269 silly gunzTarPerm modified mode [ 'package.json', 420, 438 ]
270 silly gunzTarPerm extractEntry MIT-LICENSE.txt
271 silly gunzTarPerm modified mode [ 'MIT-LICENSE.txt', 420, 438 ]
272 silly gunzTarPerm extractEntry ReadMe.md
273 silly gunzTarPerm modified mode [ 'ReadMe.md', 420, 438 ]
274 silly gunzTarPerm extractEntry .npmignore
275 silly gunzTarPerm modified mode [ '.npmignore', 420, 438 ]
276 silly gunzTarPerm extractEntry index.js
277 silly gunzTarPerm modified mode [ 'index.js', 420, 438 ]
278 silly gunzTarPerm extractEntry README.md
279 silly gunzTarPerm modified mode [ 'README.md', 420, 438 ]
280 silly gunzTarPerm extractEntry copy.js
281 silly gunzTarPerm modified mode [ 'copy.js', 420, 438 ]
282 silly gunzTarPerm extractEntry examples/normal-usage.js
283 silly gunzTarPerm modified mode [ 'examples/normal-usage.js', 420, 438 ]
284 silly gunzTarPerm extractEntry examples/safe-string.js
285 silly gunzTarPerm modified mode [ 'examples/safe-string.js', 420, 438 ]
286 silly gunzTarPerm extractEntry History.md
287 silly gunzTarPerm modified mode [ 'History.md', 420, 438 ]
288 silly gunzTarPerm extractEntry Makefile
289 silly gunzTarPerm modified mode [ 'Makefile', 420, 438 ]
290 silly gunzTarPerm extractEntry from.js
291 silly gunzTarPerm modified mode [ 'from.js', 420, 438 ]
292 silly gunzTarPerm extractEntry index.js
293 silly gunzTarPerm modified mode [ 'index.js', 420, 438 ]
294 silly gunzTarPerm extractEntry lib/colors.js
295 silly gunzTarPerm modified mode [ 'lib/colors.js', 420, 438 ]
296 silly gunzTarPerm extractEntry Readme.md
297 silly gunzTarPerm modified mode [ 'Readme.md', 420, 438 ]
298 silly gunzTarPerm extractEntry lib/extendStringPrototype.js
299 silly gunzTarPerm modified mode [ 'lib/extendStringPrototype.js', 420, 438 ]
300 silly gunzTarPerm extractEntry is.js
301 silly gunzTarPerm modified mode [ 'is.js', 420, 438 ]
302 silly gunzTarPerm extractEntry join.js
303 silly gunzTarPerm modified mode [ 'join.js', 420, 438 ]
304 silly gunzTarPerm extractEntry binding.gyp
305 silly gunzTarPerm modified mode [ 'binding.gyp', 420, 438 ]
306 silly gunzTarPerm extractEntry .gitmodules
307 silly gunzTarPerm modified mode [ '.gitmodules', 420, 438 ]
308 silly gunzTarPerm extractEntry create.js
309 silly gunzTarPerm modified mode [ 'create.js', 420, 438 ]
310 silly gunzTarPerm extractEntry subarray.js
311 silly gunzTarPerm modified mode [ 'subarray.js', 420, 438 ]
312 silly gunzTarPerm extractEntry lib/index.js
313 silly gunzTarPerm modified mode [ 'lib/index.js', 420, 438 ]
314 silly gunzTarPerm extractEntry lib/styles.js
315 silly gunzTarPerm modified mode [ 'lib/styles.js', 420, 438 ]
316 silly gunzTarPerm extractEntry to.js
317 silly gunzTarPerm modified mode [ 'to.js', 420, 438 ]
318 silly gunzTarPerm extractEntry write.js
319 silly gunzTarPerm modified mode [ 'write.js', 420, 438 ]
320 silly gunzTarPerm extractEntry lib/custom/trap.js
321 silly gunzTarPerm modified mode [ 'lib/custom/trap.js', 420, 438 ]
322 silly gunzTarPerm extractEntry lib/custom/zalgo.js
323 silly gunzTarPerm modified mode [ 'lib/custom/zalgo.js', 420, 438 ]
324 silly gunzTarPerm extractEntry read.js
325 silly gunzTarPerm modified mode [ 'read.js', 420, 438 ]
326 silly gunzTarPerm extractEntry test/copy.js
327 silly gunzTarPerm modified mode [ 'test/copy.js', 420, 438 ]
328 silly gunzTarPerm extractEntry install
329 silly gunzTarPerm modified mode [ 'install', 493, 511 ]
330 silly gunzTarPerm extractEntry lib/bindings.js
331 silly gunzTarPerm modified mode [ 'lib/bindings.js', 420, 438 ]
332 silly gunzTarPerm extractEntry lib/maps/america.js
333 silly gunzTarPerm modified mode [ 'lib/maps/america.js', 420, 438 ]
334 silly gunzTarPerm extractEntry lib/maps/rainbow.js
335 silly gunzTarPerm modified mode [ 'lib/maps/rainbow.js', 420, 438 ]
336 silly gunzTarPerm extractEntry test/create.js
337 silly gunzTarPerm modified mode [ 'test/create.js', 420, 438 ]
338 silly gunzTarPerm extractEntry lib/canvas.js
339 silly gunzTarPerm modified mode [ 'lib/canvas.js', 420, 438 ]
340 silly gunzTarPerm extractEntry lib/context2d.js
341 silly gunzTarPerm modified mode [ 'lib/context2d.js', 420, 438 ]
342 silly gunzTarPerm extractEntry lib/maps/random.js
343 silly gunzTarPerm modified mode [ 'lib/maps/random.js', 420, 438 ]
344 silly gunzTarPerm extractEntry lib/maps/zebra.js
345 silly gunzTarPerm modified mode [ 'lib/maps/zebra.js', 420, 438 ]
346 silly gunzTarPerm extractEntry test/from.js
347 silly gunzTarPerm modified mode [ 'test/from.js', 420, 438 ]
348 silly gunzTarPerm extractEntry test/index.js
349 silly gunzTarPerm modified mode [ 'test/index.js', 420, 438 ]
350 silly gunzTarPerm extractEntry test/is.js
351 silly gunzTarPerm modified mode [ 'test/is.js', 420, 438 ]
352 silly gunzTarPerm extractEntry test/join.js
353 silly gunzTarPerm modified mode [ 'test/join.js', 420, 438 ]
354 silly gunzTarPerm extractEntry lib/image.js
355 silly gunzTarPerm modified mode [ 'lib/image.js', 420, 438 ]
356 silly gunzTarPerm extractEntry lib/jpegstream.js
357 silly gunzTarPerm modified mode [ 'lib/jpegstream.js', 420, 438 ]
358 silly gunzTarPerm extractEntry lib/system/supports-colors.js
359 silly gunzTarPerm modified mode [ 'lib/system/supports-colors.js', 420, 438 ]
360 silly gunzTarPerm extractEntry screenshots/colors.png
361 silly gunzTarPerm modified mode [ 'screenshots/colors.png', 420, 438 ]
362 silly gunzTarPerm extractEntry test/read.js
363 silly gunzTarPerm modified mode [ 'test/read.js', 420, 438 ]
364 silly gunzTarPerm extractEntry test/subarray.js
365 silly gunzTarPerm modified mode [ 'test/subarray.js', 420, 438 ]
366 silly gunzTarPerm extractEntry tests/basic-test.js
367 silly gunzTarPerm modified mode [ 'tests/basic-test.js', 420, 438 ]
368 silly gunzTarPerm extractEntry tests/safe-test.js
369 silly gunzTarPerm modified mode [ 'tests/safe-test.js', 420, 438 ]
370 silly gunzTarPerm extractEntry lib/pixelarray.js
371 silly gunzTarPerm modified mode [ 'lib/pixelarray.js', 420, 438 ]
372 silly gunzTarPerm extractEntry lib/pngstream.js
373 silly gunzTarPerm modified mode [ 'lib/pngstream.js', 420, 438 ]
374 silly gunzTarPerm extractEntry test/to.js
375 silly gunzTarPerm modified mode [ 'test/to.js', 420, 438 ]
376 silly gunzTarPerm extractEntry test/write.js
377 silly gunzTarPerm modified mode [ 'test/write.js', 420, 438 ]
378 silly gunzTarPerm extractEntry themes/generic-logging.js
379 silly gunzTarPerm modified mode [ 'themes/generic-logging.js', 420, 438 ]
380 silly gunzTarPerm extractEntry src/Image.h
381 silly gunzTarPerm modified mode [ 'src/Image.h', 420, 438 ]
382 silly gunzTarPerm extractEntry src/Canvas.cc
383 silly gunzTarPerm modified mode [ 'src/Canvas.cc', 420, 438 ]
384 silly gunzTarPerm extractEntry typedarray/copy.js
385 silly gunzTarPerm modified mode [ 'typedarray/copy.js', 420, 438 ]
386 silly gunzTarPerm extractEntry typedarray/create.js
387 silly gunzTarPerm modified mode [ 'typedarray/create.js', 420, 438 ]
388 silly gunzTarPerm extractEntry src/CanvasGradient.cc
389 silly gunzTarPerm modified mode [ 'src/CanvasGradient.cc', 420, 438 ]
390 silly gunzTarPerm extractEntry src/CanvasGradient.h
391 silly gunzTarPerm modified mode [ 'src/CanvasGradient.h', 420, 438 ]
392 silly gunzTarPerm extractEntry typedarray/from.js
393 silly gunzTarPerm modified mode [ 'typedarray/from.js', 420, 438 ]
394 silly gunzTarPerm extractEntry typedarray/is.js
395 silly gunzTarPerm modified mode [ 'typedarray/is.js', 420, 438 ]
396 silly gunzTarPerm extractEntry src/CanvasPattern.cc
397 silly gunzTarPerm modified mode [ 'src/CanvasPattern.cc', 420, 438 ]
398 silly gunzTarPerm extractEntry src/CanvasPattern.h
399 silly gunzTarPerm modified mode [ 'src/CanvasPattern.h', 420, 438 ]
400 silly gunzTarPerm extractEntry typedarray/join.js
401 silly gunzTarPerm modified mode [ 'typedarray/join.js', 420, 438 ]
402 silly gunzTarPerm extractEntry typedarray/mapped.js
403 silly gunzTarPerm modified mode [ 'typedarray/mapped.js', 420, 438 ]
404 silly gunzTarPerm extractEntry typedarray/read.js
405 silly gunzTarPerm modified mode [ 'typedarray/read.js', 420, 438 ]
406 silly gunzTarPerm extractEntry typedarray/subarray.js
407 silly gunzTarPerm modified mode [ 'typedarray/subarray.js', 420, 438 ]
408 silly gunzTarPerm extractEntry src/CanvasRenderingContext2d.cc
409 silly gunzTarPerm modified mode [ 'src/CanvasRenderingContext2d.cc', 420, 438 ]
410 silly gunzTarPerm extractEntry src/CanvasRenderingContext2d.h
411 silly gunzTarPerm modified mode [ 'src/CanvasRenderingContext2d.h', 420, 438 ]
412 silly gunzTarPerm extractEntry typedarray/to.js
413 silly gunzTarPerm modified mode [ 'typedarray/to.js', 420, 438 ]
414 silly gunzTarPerm extractEntry typedarray/write.js
415 silly gunzTarPerm modified mode [ 'typedarray/write.js', 420, 438 ]
416 silly gunzTarPerm extractEntry src/FontFace.cc
417 silly gunzTarPerm modified mode [ 'src/FontFace.cc', 420, 438 ]
418 silly gunzTarPerm extractEntry src/FontFace.h
419 silly gunzTarPerm modified mode [ 'src/FontFace.h', 420, 438 ]
420 silly gunzTarPerm extractEntry src/Image.cc
421 silly gunzTarPerm modified mode [ 'src/Image.cc', 420, 438 ]
422 silly gunzTarPerm extractEntry src/Canvas.h
423 silly gunzTarPerm modified mode [ 'src/Canvas.h', 420, 438 ]
424 silly gunzTarPerm extractEntry src/ImageData.cc
425 silly gunzTarPerm modified mode [ 'src/ImageData.cc', 420, 438 ]
426 silly gunzTarPerm extractEntry src/ImageData.h
427 silly gunzTarPerm modified mode [ 'src/ImageData.h', 420, 438 ]
428 silly gunzTarPerm extractEntry src/JPEGStream.h
429 silly gunzTarPerm modified mode [ 'src/JPEGStream.h', 420, 438 ]
430 silly gunzTarPerm extractEntry src/PNG.h
431 silly gunzTarPerm modified mode [ 'src/PNG.h', 420, 438 ]
432 silly gunzTarPerm extractEntry src/PixelArray.cc
433 silly gunzTarPerm modified mode [ 'src/PixelArray.cc', 420, 438 ]
434 silly gunzTarPerm extractEntry src/PixelArray.h
435 silly gunzTarPerm modified mode [ 'src/PixelArray.h', 420, 438 ]
436 silly gunzTarPerm extractEntry src/Point.h
437 silly gunzTarPerm modified mode [ 'src/Point.h', 420, 438 ]
438 silly gunzTarPerm extractEntry src/closure.h
439 silly gunzTarPerm modified mode [ 'src/closure.h', 420, 438 ]
440 silly gunzTarPerm extractEntry src/color.cc
441 silly gunzTarPerm modified mode [ 'src/color.cc', 420, 438 ]
442 silly gunzTarPerm extractEntry src/color.h
443 silly gunzTarPerm modified mode [ 'src/color.h', 420, 438 ]
444 silly gunzTarPerm extractEntry src/init.cc
445 silly gunzTarPerm modified mode [ 'src/init.cc', 493, 511 ]
446 silly gunzTarPerm extractEntry .travis.yml
447 silly gunzTarPerm modified mode [ '.travis.yml', 420, 438 ]
448 silly gunzTarPerm extractEntry util/cairo_include.sh
449 silly gunzTarPerm modified mode [ 'util/cairo_include.sh', 493, 511 ]
450 silly gunzTarPerm extractEntry util/has_cairo_freetype.sh
451 silly gunzTarPerm modified mode [ 'util/has_cairo_freetype.sh', 493, 511 ]
452 silly gunzTarPerm extractEntry util/has_lib.sh
453 silly gunzTarPerm modified mode [ 'util/has_lib.sh', 493, 511 ]
454 silly gunzTarPerm extractEntry util/lib_lookup.sh
455 silly gunzTarPerm modified mode [ 'util/lib_lookup.sh', 493, 511 ]
456 silly lockFile fbd47bff-modules-qrcode-node-modules-bops tar://T:\GitHub\Clipboard\node_modules\qrcode\node_modules\bops
457 silly lockFile fbd47bff-modules-qrcode-node-modules-bops tar://T:\GitHub\Clipboard\node_modules\qrcode\node_modules\bops
458 silly lockFile 22618155-dules-qrcode-node-modules-colors tar://T:\GitHub\Clipboard\node_modules\qrcode\node_modules\colors
459 silly lockFile 22618155-dules-qrcode-node-modules-colors tar://T:\GitHub\Clipboard\node_modules\qrcode\node_modules\colors
460 silly lockFile c1b43578-npm-cache-bops-0-0-6-package-tgz tar://C:\Users\User\AppData\Roaming\npm-cache\bops\0.0.6\package.tgz
461 silly lockFile c1b43578-npm-cache-bops-0-0-6-package-tgz tar://C:\Users\User\AppData\Roaming\npm-cache\bops\0.0.6\package.tgz
462 silly lockFile abb2d6f5-m-cache-colors-1-0-3-package-tgz tar://C:\Users\User\AppData\Roaming\npm-cache\colors\1.0.3\package.tgz
463 silly lockFile abb2d6f5-m-cache-colors-1-0-3-package-tgz tar://C:\Users\User\AppData\Roaming\npm-cache\colors\1.0.3\package.tgz
464 info preinstall bops@0.0.6
465 info preinstall colors@1.0.3
466 verbose readDependencies using package.json deps
467 verbose readDependencies using package.json deps
468 verbose readDependencies using package.json deps
469 verbose readDependencies using package.json deps
470 silly resolved []
471 verbose about to build T:\GitHub\Clipboard\node_modules\qrcode\node_modules\colors
472 info build T:\GitHub\Clipboard\node_modules\qrcode\node_modules\colors
473 verbose linkStuff [ false,
473 verbose linkStuff   false,
473 verbose linkStuff   false,
473 verbose linkStuff   'T:\\GitHub\\Clipboard\\node_modules\\qrcode\\node_modules' ]
474 info linkStuff colors@1.0.3
475 verbose linkBins colors@1.0.3
476 verbose linkMans colors@1.0.3
477 verbose rebuildBundles colors@1.0.3
478 info install colors@1.0.3
479 info postinstall colors@1.0.3
480 verbose cache add [ 'base64-js@0.0.2', null ]
481 verbose cache add name=undefined spec="base64-js@0.0.2" args=["base64-js@0.0.2",null]
482 verbose parsed url { protocol: null,
482 verbose parsed url   slashes: null,
482 verbose parsed url   auth: null,
482 verbose parsed url   host: null,
482 verbose parsed url   port: null,
482 verbose parsed url   hostname: null,
482 verbose parsed url   hash: null,
482 verbose parsed url   search: null,
482 verbose parsed url   query: null,
482 verbose parsed url   pathname: 'base64-js@0.0.2',
482 verbose parsed url   path: 'base64-js@0.0.2',
482 verbose parsed url   href: 'base64-js@0.0.2' }
483 verbose cache add [ 'to-utf8@0.0.1', null ]
484 verbose cache add name=undefined spec="to-utf8@0.0.1" args=["to-utf8@0.0.1",null]
485 verbose parsed url { protocol: null,
485 verbose parsed url   slashes: null,
485 verbose parsed url   auth: null,
485 verbose parsed url   host: null,
485 verbose parsed url   port: null,
485 verbose parsed url   hostname: null,
485 verbose parsed url   hash: null,
485 verbose parsed url   search: null,
485 verbose parsed url   query: null,
485 verbose parsed url   pathname: 'to-utf8@0.0.1',
485 verbose parsed url   path: 'to-utf8@0.0.1',
485 verbose parsed url   href: 'to-utf8@0.0.1' }
486 verbose cache add name="base64-js" spec="0.0.2" args=["base64-js","0.0.2"]
487 verbose parsed url { protocol: null,
487 verbose parsed url   slashes: null,
487 verbose parsed url   auth: null,
487 verbose parsed url   host: null,
487 verbose parsed url   port: null,
487 verbose parsed url   hostname: null,
487 verbose parsed url   hash: null,
487 verbose parsed url   search: null,
487 verbose parsed url   query: null,
487 verbose parsed url   pathname: '0.0.2',
487 verbose parsed url   path: '0.0.2',
487 verbose parsed url   href: '0.0.2' }
488 verbose addNamed [ 'base64-js', '0.0.2' ]
489 verbose addNamed [ '0.0.2', '0.0.2' ]
490 silly lockFile 2f74027a-base64-js-0-0-2 base64-js@0.0.2
491 verbose lock base64-js@0.0.2 C:\Users\User\AppData\Roaming\npm-cache\2f74027a-base64-js-0-0-2.lock
492 verbose cache add name="to-utf8" spec="0.0.1" args=["to-utf8","0.0.1"]
493 verbose parsed url { protocol: null,
493 verbose parsed url   slashes: null,
493 verbose parsed url   auth: null,
493 verbose parsed url   host: null,
493 verbose parsed url   port: null,
493 verbose parsed url   hostname: null,
493 verbose parsed url   hash: null,
493 verbose parsed url   search: null,
493 verbose parsed url   query: null,
493 verbose parsed url   pathname: '0.0.1',
493 verbose parsed url   path: '0.0.1',
493 verbose parsed url   href: '0.0.1' }
494 verbose addNamed [ 'to-utf8', '0.0.1' ]
495 verbose addNamed [ '0.0.1', '0.0.1' ]
496 silly lockFile dee282ea-to-utf8-0-0-1 to-utf8@0.0.1
497 verbose lock to-utf8@0.0.1 C:\Users\User\AppData\Roaming\npm-cache\dee282ea-to-utf8-0-0-1.lock
498 verbose request where is /base64-js
499 verbose request registry https://registry.npmjs.org/
500 verbose url raw /base64-js
501 verbose url resolving [ 'https://registry.npmjs.org/', './base64-js' ]
502 verbose url resolved https://registry.npmjs.org/base64-js
503 verbose request where is https://registry.npmjs.org/base64-js
504 info trying registry request attempt 1 at 19:53:59
505 http GET https://registry.npmjs.org/base64-js
506 verbose request where is /to-utf8
507 verbose request registry https://registry.npmjs.org/
508 verbose url raw /to-utf8
509 verbose url resolving [ 'https://registry.npmjs.org/', './to-utf8' ]
510 verbose url resolved https://registry.npmjs.org/to-utf8
511 verbose request where is https://registry.npmjs.org/to-utf8
512 info trying registry request attempt 1 at 19:53:59
513 http GET https://registry.npmjs.org/to-utf8
514 silly lockFile 2ef4e046-dules-qrcode-node-modules-canvas tar://T:\GitHub\Clipboard\node_modules\qrcode\node_modules\canvas
515 silly lockFile 2ef4e046-dules-qrcode-node-modules-canvas tar://T:\GitHub\Clipboard\node_modules\qrcode\node_modules\canvas
516 silly lockFile dab99309-m-cache-canvas-1-1-6-package-tgz tar://C:\Users\User\AppData\Roaming\npm-cache\canvas\1.1.6\package.tgz
517 silly lockFile dab99309-m-cache-canvas-1-1-6-package-tgz tar://C:\Users\User\AppData\Roaming\npm-cache\canvas\1.1.6\package.tgz
518 info preinstall canvas@1.1.6
519 verbose readDependencies using package.json deps
520 verbose readDependencies using package.json deps
521 verbose cache add [ 'nan@~1.2.0', null ]
522 verbose cache add name=undefined spec="nan@~1.2.0" args=["nan@~1.2.0",null]
523 verbose parsed url { protocol: null,
523 verbose parsed url   slashes: null,
523 verbose parsed url   auth: null,
523 verbose parsed url   host: null,
523 verbose parsed url   port: null,
523 verbose parsed url   hostname: null,
523 verbose parsed url   hash: null,
523 verbose parsed url   search: null,
523 verbose parsed url   query: null,
523 verbose parsed url   pathname: 'nan@~1.2.0',
523 verbose parsed url   path: 'nan@~1.2.0',
523 verbose parsed url   href: 'nan@~1.2.0' }
524 verbose cache add name="nan" spec="~1.2.0" args=["nan","~1.2.0"]
525 verbose parsed url { protocol: null,
525 verbose parsed url   slashes: null,
525 verbose parsed url   auth: null,
525 verbose parsed url   host: null,
525 verbose parsed url   port: null,
525 verbose parsed url   hostname: null,
525 verbose parsed url   hash: null,
525 verbose parsed url   search: null,
525 verbose parsed url   query: null,
525 verbose parsed url   pathname: '~1.2.0',
525 verbose parsed url   path: '~1.2.0',
525 verbose parsed url   href: '~1.2.0' }
526 verbose addNamed [ 'nan', '~1.2.0' ]
527 verbose addNamed [ null, '>=1.2.0-0 <1.3.0-0' ]
528 silly lockFile 6bb36ab7-nan-1-2-0 nan@~1.2.0
529 verbose lock nan@~1.2.0 C:\Users\User\AppData\Roaming\npm-cache\6bb36ab7-nan-1-2-0.lock
530 silly addNameRange { name: 'nan', range: '>=1.2.0-0 <1.3.0-0', hasData: false }
531 verbose request where is /nan
532 verbose request registry https://registry.npmjs.org/
533 verbose url raw /nan
534 verbose url resolving [ 'https://registry.npmjs.org/', './nan' ]
535 verbose url resolved https://registry.npmjs.org/nan
536 verbose request where is https://registry.npmjs.org/nan
537 info trying registry request attempt 1 at 19:53:59
538 verbose etag "BASL4AHUZL2X9BYWJN23MGK84"
539 http GET https://registry.npmjs.org/nan
540 http 304 https://registry.npmjs.org/nan
541 silly registry.get cb [ 304,
541 silly registry.get   { date: 'Thu, 01 Jan 2015 03:53:57 GMT',
541 silly registry.get     server: 'Apache',
541 silly registry.get     via: '1.1 varnish',
541 silly registry.get     'last-modified': 'Thu, 01 Jan 2015 03:53:57 GMT',
541 silly registry.get     'cache-control': 'max-age=60',
541 silly registry.get     etag: '"BASL4AHUZL2X9BYWJN23MGK84"',
541 silly registry.get     age: '5',
541 silly registry.get     'x-served-by': 'cache-sjc3128-SJC',
541 silly registry.get     'x-cache': 'HIT',
541 silly registry.get     'x-cache-hits': '1',
541 silly registry.get     'x-timer': 'S1420084437.044597,VS0,VE0',
541 silly registry.get     vary: 'Accept',
541 silly registry.get     'content-length': '0',
541 silly registry.get     'keep-alive': 'timeout=10, max=50',
541 silly registry.get     connection: 'Keep-Alive' } ]
542 verbose etag https://registry.npmjs.org/nan from cache
543 silly addNameRange number 2 { name: 'nan', range: '>=1.2.0-0 <1.3.0-0', hasData: true }
544 silly addNameRange versions [ 'nan',
544 silly addNameRange   [ '0.3.0-wip',
544 silly addNameRange     '0.3.0-wip2',
544 silly addNameRange     '0.3.0',
544 silly addNameRange     '0.3.1',
544 silly addNameRange     '0.3.2',
544 silly addNameRange     '0.4.0',
544 silly addNameRange     '0.4.1',
544 silly addNameRange     '0.4.2',
544 silly addNameRange     '0.4.3',
544 silly addNameRange     '0.4.4',
544 silly addNameRange     '0.5.0',
544 silly addNameRange     '0.5.1',
544 silly addNameRange     '0.5.2',
544 silly addNameRange     '0.6.0',
544 silly addNameRange     '0.7.0',
544 silly addNameRange     '0.7.1',
544 silly addNameRange     '0.8.0',
544 silly addNameRange     '1.0.0',
544 silly addNameRange     '1.1.0',
544 silly addNameRange     '1.1.1',
544 silly addNameRange     '1.1.2',
544 silly addNameRange     '1.2.0',
544 silly addNameRange     '1.3.0',
544 silly addNameRange     '1.4.0',
544 silly addNameRange     '1.4.1' ] ]
545 verbose addNamed [ 'nan', '1.2.0' ]
546 verbose addNamed [ '1.2.0', '1.2.0' ]
547 silly lockFile 859d0f28-nan-1-2-0 nan@1.2.0
548 verbose lock nan@1.2.0 C:\Users\User\AppData\Roaming\npm-cache\859d0f28-nan-1-2-0.lock
549 silly lockFile 859d0f28-nan-1-2-0 nan@1.2.0
550 silly lockFile 859d0f28-nan-1-2-0 nan@1.2.0
551 silly lockFile 6bb36ab7-nan-1-2-0 nan@~1.2.0
552 silly lockFile 6bb36ab7-nan-1-2-0 nan@~1.2.0
553 http 200 https://registry.npmjs.org/to-utf8
554 silly registry.get cb [ 200,
554 silly registry.get   { date: 'Thu, 01 Jan 2015 03:53:57 GMT',
554 silly registry.get     server: 'CouchDB/1.5.0 (Erlang OTP/R16B03)',
554 silly registry.get     etag: '"1KU8LHG3MRPAJ5K9W6IUYQQPL"',
554 silly registry.get     'content-type': 'application/json',
554 silly registry.get     'cache-control': 'max-age=60',
554 silly registry.get     'content-length': '3246',
554 silly registry.get     'accept-ranges': 'bytes',
554 silly registry.get     via: '1.1 varnish',
554 silly registry.get     age: '0',
554 silly registry.get     'x-served-by': 'cache-sjc3121-SJC',
554 silly registry.get     'x-cache': 'MISS',
554 silly registry.get     'x-cache-hits': '0',
554 silly registry.get     'x-timer': 'S1420084437.012018,VS0,VE40',
554 silly registry.get     vary: 'Accept',
554 silly registry.get     'keep-alive': 'timeout=10, max=50',
554 silly registry.get     connection: 'Keep-Alive' } ]
555 silly resolved [ { name: 'nan',
555 silly resolved     version: '1.2.0',
555 silly resolved     description: 'Native Abstractions for Node.js: C++ header for Node 0.8->0.12 compatibility',
555 silly resolved     main: 'include_dirs.js',
555 silly resolved     repository: { type: 'git', url: 'git://github.com/rvagg/nan.git' },
555 silly resolved     contributors: [ [Object], [Object], [Object], [Object], [Object], [Object] ],
555 silly resolved     license: 'MIT',
555 silly resolved     bugs: { url: 'https://github.com/rvagg/nan/issues' },
555 silly resolved     homepage: 'https://github.com/rvagg/nan',
555 silly resolved     _id: 'nan@1.2.0',
555 silly resolved     dist:
555 silly resolved      { shasum: '9c4d63ce9e4f8e95de2d574e18f7925554a8a8ef',
555 silly resolved        tarball: 'http://registry.npmjs.org/nan/-/nan-1.2.0.tgz' },
555 silly resolved     _from: 'nan@~1.2.0',
555 silly resolved     _npmVersion: '1.4.3',
555 silly resolved     _npmUser: { name: 'rvagg', email: 'rod@vagg.org' },
555 silly resolved     maintainers: [ [Object] ],
555 silly resolved     directories: {},
555 silly resolved     _shasum: '9c4d63ce9e4f8e95de2d574e18f7925554a8a8ef',
555 silly resolved     _resolved: 'https://registry.npmjs.org/nan/-/nan-1.2.0.tgz',
555 silly resolved     readme: 'ERROR: No README data found!' } ]
556 info install nan@1.2.0 into T:\GitHub\Clipboard\node_modules\qrcode\node_modules\canvas
557 info installOne nan@1.2.0
558 verbose node_modules\qrcode\node_modules\canvas\node_modules\nan unbuild
559 silly lockFile b96a9403-js-org-to-utf8-to-utf8-0-0-1-tgz https://registry.npmjs.org/to-utf8/-/to-utf8-0.0.1.tgz
560 verbose lock https://registry.npmjs.org/to-utf8/-/to-utf8-0.0.1.tgz C:\Users\User\AppData\Roaming\npm-cache\b96a9403-js-org-to-utf8-to-utf8-0-0-1-tgz.lock
561 verbose tar unpack C:\Users\User\AppData\Roaming\npm-cache\nan\1.2.0\package.tgz
562 silly lockFile 5b8955e0--modules-canvas-node-modules-nan tar://T:\GitHub\Clipboard\node_modules\qrcode\node_modules\canvas\node_modules\nan
563 verbose lock tar://T:\GitHub\Clipboard\node_modules\qrcode\node_modules\canvas\node_modules\nan C:\Users\User\AppData\Roaming\npm-cache\5b8955e0--modules-canvas-node-modules-nan.lock
564 silly lockFile 6645c603--npm-cache-nan-1-2-0-package-tgz tar://C:\Users\User\AppData\Roaming\npm-cache\nan\1.2.0\package.tgz
565 verbose lock tar://C:\Users\User\AppData\Roaming\npm-cache\nan\1.2.0\package.tgz C:\Users\User\AppData\Roaming\npm-cache\6645c603--npm-cache-nan-1-2-0-package-tgz.lock
566 verbose addRemoteTarball [ 'https://registry.npmjs.org/to-utf8/-/to-utf8-0.0.1.tgz',
566 verbose addRemoteTarball   'd17aea72ff2fba39b9e43601be7b3ff72e089852' ]
567 silly gunzTarPerm modes [ '777', '666' ]
568 info retry fetch attempt 1 at 19:54:00
569 verbose fetch to= C:\Users\User\AppData\Local\Temp\npm-14100-wrJOzpZj\registry.npmjs.org\to-utf8\-\to-utf8-0.0.1.tgz
570 http GET https://registry.npmjs.org/to-utf8/-/to-utf8-0.0.1.tgz
571 silly gunzTarPerm extractEntry package.json
572 silly gunzTarPerm modified mode [ 'package.json', 420, 438 ]
573 silly gunzTarPerm extractEntry README.md
574 silly gunzTarPerm modified mode [ 'README.md', 420, 438 ]
575 silly gunzTarPerm extractEntry LICENSE
576 silly gunzTarPerm modified mode [ 'LICENSE', 420, 438 ]
577 silly gunzTarPerm extractEntry include_dirs.js
578 silly gunzTarPerm modified mode [ 'include_dirs.js', 420, 438 ]
579 silly gunzTarPerm extractEntry .dntrc
580 silly gunzTarPerm modified mode [ '.dntrc', 420, 438 ]
581 silly gunzTarPerm extractEntry build/config.gypi
582 silly gunzTarPerm modified mode [ 'build/config.gypi', 420, 438 ]
583 silly gunzTarPerm extractEntry nan.h
584 silly gunzTarPerm modified mode [ 'nan.h', 420, 438 ]
585 silly lockFile 5b8955e0--modules-canvas-node-modules-nan tar://T:\GitHub\Clipboard\node_modules\qrcode\node_modules\canvas\node_modules\nan
586 silly lockFile 5b8955e0--modules-canvas-node-modules-nan tar://T:\GitHub\Clipboard\node_modules\qrcode\node_modules\canvas\node_modules\nan
587 silly lockFile 6645c603--npm-cache-nan-1-2-0-package-tgz tar://C:\Users\User\AppData\Roaming\npm-cache\nan\1.2.0\package.tgz
588 silly lockFile 6645c603--npm-cache-nan-1-2-0-package-tgz tar://C:\Users\User\AppData\Roaming\npm-cache\nan\1.2.0\package.tgz
589 info preinstall nan@1.2.0
590 verbose readDependencies using package.json deps
591 verbose readDependencies using package.json deps
592 silly resolved []
593 verbose about to build T:\GitHub\Clipboard\node_modules\qrcode\node_modules\canvas\node_modules\nan
594 info build T:\GitHub\Clipboard\node_modules\qrcode\node_modules\canvas\node_modules\nan
595 verbose linkStuff [ false,
595 verbose linkStuff   false,
595 verbose linkStuff   false,
595 verbose linkStuff   'T:\\GitHub\\Clipboard\\node_modules\\qrcode\\node_modules\\canvas\\node_modules' ]
596 info linkStuff nan@1.2.0
597 verbose linkBins nan@1.2.0
598 verbose linkMans nan@1.2.0
599 verbose rebuildBundles nan@1.2.0
600 info install nan@1.2.0
601 info postinstall nan@1.2.0
602 verbose about to build T:\GitHub\Clipboard\node_modules\qrcode\node_modules\canvas
603 info build T:\GitHub\Clipboard\node_modules\qrcode\node_modules\canvas
604 verbose linkStuff [ false,
604 verbose linkStuff   false,
604 verbose linkStuff   false,
604 verbose linkStuff   'T:\\GitHub\\Clipboard\\node_modules\\qrcode\\node_modules' ]
605 info linkStuff canvas@1.1.6
606 verbose linkBins canvas@1.1.6
607 verbose linkMans canvas@1.1.6
608 verbose rebuildBundles canvas@1.1.6
609 verbose rebuildBundles [ 'nan' ]
610 info install canvas@1.1.6
611 verbose unsafe-perm in lifecycle true
612 http 200 https://registry.npmjs.org/to-utf8/-/to-utf8-0.0.1.tgz
613 silly lockFile b96a9403-js-org-to-utf8-to-utf8-0-0-1-tgz https://registry.npmjs.org/to-utf8/-/to-utf8-0.0.1.tgz
614 silly lockFile b96a9403-js-org-to-utf8-to-utf8-0-0-1-tgz https://registry.npmjs.org/to-utf8/-/to-utf8-0.0.1.tgz
615 silly lockFile dee282ea-to-utf8-0-0-1 to-utf8@0.0.1
616 silly lockFile dee282ea-to-utf8-0-0-1 to-utf8@0.0.1
617 http 200 https://registry.npmjs.org/base64-js
618 silly registry.get cb [ 200,
618 silly registry.get   { date: 'Thu, 01 Jan 2015 03:53:57 GMT',
618 silly registry.get     server: 'CouchDB/1.5.0 (Erlang OTP/R16B03)',
618 silly registry.get     etag: '"2M8F7V9GQ3671GXD45417XASL"',
618 silly registry.get     'content-type': 'application/json',
618 silly registry.get     'cache-control': 'max-age=60',
618 silly registry.get     'content-length': '9705',
618 silly registry.get     'accept-ranges': 'bytes',
618 silly registry.get     via: '1.1 varnish',
618 silly registry.get     age: '0',
618 silly registry.get     'x-served-by': 'cache-sjc3126-SJC',
618 silly registry.get     'x-cache': 'HIT',
618 silly registry.get     'x-cache-hits': '1',
618 silly registry.get     'x-timer': 'S1420084437.006078,VS0,VE360',
618 silly registry.get     vary: 'Accept',
618 silly registry.get     'keep-alive': 'timeout=10, max=50',
618 silly registry.get     connection: 'Keep-Alive' } ]
619 silly lockFile ce521b13-rg-base64-js-base64-js-0-0-2-tgz https://registry.npmjs.org/base64-js/-/base64-js-0.0.2.tgz
620 verbose lock https://registry.npmjs.org/base64-js/-/base64-js-0.0.2.tgz C:\Users\User\AppData\Roaming\npm-cache\ce521b13-rg-base64-js-base64-js-0-0-2-tgz.lock
621 verbose addRemoteTarball [ 'https://registry.npmjs.org/base64-js/-/base64-js-0.0.2.tgz',
621 verbose addRemoteTarball   '024f0f72afa25b75f9c0ee73cd4f55ec1bed9784' ]
622 info retry fetch attempt 1 at 19:54:00
623 verbose fetch to= C:\Users\User\AppData\Local\Temp\npm-14100-wrJOzpZj\registry.npmjs.org\base64-js\-\base64-js-0.0.2.tgz
624 http GET https://registry.npmjs.org/base64-js/-/base64-js-0.0.2.tgz
625 http 200 https://registry.npmjs.org/base64-js/-/base64-js-0.0.2.tgz
626 silly lockFile ce521b13-rg-base64-js-base64-js-0-0-2-tgz https://registry.npmjs.org/base64-js/-/base64-js-0.0.2.tgz
627 silly lockFile ce521b13-rg-base64-js-base64-js-0-0-2-tgz https://registry.npmjs.org/base64-js/-/base64-js-0.0.2.tgz
628 silly lockFile 2f74027a-base64-js-0-0-2 base64-js@0.0.2
629 silly lockFile 2f74027a-base64-js-0-0-2 base64-js@0.0.2
630 silly resolved [ { name: 'to-utf8',
630 silly resolved     version: '0.0.1',
630 silly resolved     description: 'single-function form of node\'s Buffer.toString(utf8)',
630 silly resolved     main: 'index.js',
630 silly resolved     scripts: { test: 'node test.js' },
630 silly resolved     repository:
630 silly resolved      { type: 'git',
630 silly resolved        url: 'git://github.com/chrisdickinson/to-utf8.git' },
630 silly resolved     keywords: [ 'utf8', 'buffer' ],
630 silly resolved     author: { name: 'Chris Dickinson', email: 'chris@neversaw.us' },
630 silly resolved     license: 'MIT',
630 silly resolved     devDependencies: { tape: '~0.2.2' },
630 silly resolved     _id: 'to-utf8@0.0.1',
630 silly resolved     dist:
630 silly resolved      { shasum: 'd17aea72ff2fba39b9e43601be7b3ff72e089852',
630 silly resolved        tarball: 'http://registry.npmjs.org/to-utf8/-/to-utf8-0.0.1.tgz' },
630 silly resolved     _npmVersion: '1.1.69',
630 silly resolved     _npmUser: { name: 'chrisdickinson', email: 'chris@neversaw.us' },
630 silly resolved     maintainers: [ [Object] ],
630 silly resolved     directories: {},
630 silly resolved     _shasum: 'd17aea72ff2fba39b9e43601be7b3ff72e089852',
630 silly resolved     _from: 'to-utf8@0.0.1',
630 silly resolved     _resolved: 'https://registry.npmjs.org/to-utf8/-/to-utf8-0.0.1.tgz' },
630 silly resolved   { author:
630 silly resolved      { name: 'T. Jameson Little',
630 silly resolved        email: 't.jameson.little@gmail.com' },
630 silly resolved     name: 'base64-js',
630 silly resolved     description: 'Base64 encoding/decoding in pure JS',
630 silly resolved     version: '0.0.2',
630 silly resolved     repository:
630 silly resolved      { type: 'git',
630 silly resolved        url: 'git://github.com/beatgammit/deflate-js.git' },
630 silly resolved     main: 'lib/b64.js',
630 silly resolved     scripts: { test: 'cd test; node runner.js; cd -' },
630 silly resolved     engines: { node: '>= 0.4' },
630 silly resolved     dependencies: {},
630 silly resolved     devDependencies: {},
630 silly resolved     _npmUser: { name: 'beatgammit', email: 't.jameson.little@gmail.com' },
630 silly resolved     _id: 'base64-js@0.0.2',
630 silly resolved     _engineSupported: true,
630 silly resolved     _npmVersion: '1.0.106',
630 silly resolved     _nodeVersion: 'v0.6.2',
630 silly resolved     _defaultsLoaded: true,
630 silly resolved     dist:
630 silly resolved      { shasum: '024f0f72afa25b75f9c0ee73cd4f55ec1bed9784',
630 silly resolved        tarball: 'http://registry.npmjs.org/base64-js/-/base64-js-0.0.2.tgz' },
630 silly resolved     maintainers: [ [Object] ],
630 silly resolved     directories: {},
630 silly resolved     _shasum: '024f0f72afa25b75f9c0ee73cd4f55ec1bed9784',
630 silly resolved     _from: 'base64-js@0.0.2',
630 silly resolved     _resolved: 'https://registry.npmjs.org/base64-js/-/base64-js-0.0.2.tgz' } ]
631 info install to-utf8@0.0.1 into T:\GitHub\Clipboard\node_modules\qrcode\node_modules\bops
632 info install base64-js@0.0.2 into T:\GitHub\Clipboard\node_modules\qrcode\node_modules\bops
633 info installOne to-utf8@0.0.1
634 info installOne base64-js@0.0.2
635 verbose node_modules\qrcode\node_modules\bops\node_modules\base64-js unbuild
636 verbose node_modules\qrcode\node_modules\bops\node_modules\to-utf8 unbuild
637 verbose tar unpack C:\Users\User\AppData\Roaming\npm-cache\base64-js\0.0.2\package.tgz
638 silly lockFile 48ae0eea-ules-bops-node-modules-base64-js tar://T:\GitHub\Clipboard\node_modules\qrcode\node_modules\bops\node_modules\base64-js
639 verbose lock tar://T:\GitHub\Clipboard\node_modules\qrcode\node_modules\bops\node_modules\base64-js C:\Users\User\AppData\Roaming\npm-cache\48ae0eea-ules-bops-node-modules-base64-js.lock
640 silly lockFile e9da05c3-ache-base64-js-0-0-2-package-tgz tar://C:\Users\User\AppData\Roaming\npm-cache\base64-js\0.0.2\package.tgz
641 verbose lock tar://C:\Users\User\AppData\Roaming\npm-cache\base64-js\0.0.2\package.tgz C:\Users\User\AppData\Roaming\npm-cache\e9da05c3-ache-base64-js-0-0-2-package-tgz.lock
642 verbose tar unpack C:\Users\User\AppData\Roaming\npm-cache\to-utf8\0.0.1\package.tgz
643 silly lockFile 38b5f9b9-odules-bops-node-modules-to-utf8 tar://T:\GitHub\Clipboard\node_modules\qrcode\node_modules\bops\node_modules\to-utf8
644 verbose lock tar://T:\GitHub\Clipboard\node_modules\qrcode\node_modules\bops\node_modules\to-utf8 C:\Users\User\AppData\Roaming\npm-cache\38b5f9b9-odules-bops-node-modules-to-utf8.lock
645 silly lockFile 28adadd3--cache-to-utf8-0-0-1-package-tgz tar://C:\Users\User\AppData\Roaming\npm-cache\to-utf8\0.0.1\package.tgz
646 verbose lock tar://C:\Users\User\AppData\Roaming\npm-cache\to-utf8\0.0.1\package.tgz C:\Users\User\AppData\Roaming\npm-cache\28adadd3--cache-to-utf8-0-0-1-package-tgz.lock
647 silly gunzTarPerm modes [ '777', '666' ]
648 silly gunzTarPerm modes [ '777', '666' ]
649 silly gunzTarPerm extractEntry package.json
650 silly gunzTarPerm modified mode [ 'package.json', 420, 438 ]
651 silly gunzTarPerm extractEntry package.json
652 silly gunzTarPerm modified mode [ 'package.json', 420, 438 ]
653 silly gunzTarPerm extractEntry README.md
654 silly gunzTarPerm modified mode [ 'README.md', 420, 438 ]
655 silly gunzTarPerm extractEntry lib/b64.js
656 silly gunzTarPerm modified mode [ 'lib/b64.js', 420, 438 ]
657 silly gunzTarPerm extractEntry README.md
658 silly gunzTarPerm modified mode [ 'README.md', 420, 438 ]
659 silly gunzTarPerm extractEntry index.js
660 silly gunzTarPerm modified mode [ 'index.js', 420, 438 ]
661 silly gunzTarPerm extractEntry test/runner.js
662 silly gunzTarPerm modified mode [ 'test/runner.js', 420, 438 ]
663 silly gunzTarPerm extractEntry test.js
664 silly gunzTarPerm modified mode [ 'test.js', 420, 438 ]
665 silly lockFile 38b5f9b9-odules-bops-node-modules-to-utf8 tar://T:\GitHub\Clipboard\node_modules\qrcode\node_modules\bops\node_modules\to-utf8
666 silly lockFile 38b5f9b9-odules-bops-node-modules-to-utf8 tar://T:\GitHub\Clipboard\node_modules\qrcode\node_modules\bops\node_modules\to-utf8
667 silly lockFile 48ae0eea-ules-bops-node-modules-base64-js tar://T:\GitHub\Clipboard\node_modules\qrcode\node_modules\bops\node_modules\base64-js
668 silly lockFile 48ae0eea-ules-bops-node-modules-base64-js tar://T:\GitHub\Clipboard\node_modules\qrcode\node_modules\bops\node_modules\base64-js
669 silly lockFile 28adadd3--cache-to-utf8-0-0-1-package-tgz tar://C:\Users\User\AppData\Roaming\npm-cache\to-utf8\0.0.1\package.tgz
670 silly lockFile 28adadd3--cache-to-utf8-0-0-1-package-tgz tar://C:\Users\User\AppData\Roaming\npm-cache\to-utf8\0.0.1\package.tgz
671 silly lockFile e9da05c3-ache-base64-js-0-0-2-package-tgz tar://C:\Users\User\AppData\Roaming\npm-cache\base64-js\0.0.2\package.tgz
672 silly lockFile e9da05c3-ache-base64-js-0-0-2-package-tgz tar://C:\Users\User\AppData\Roaming\npm-cache\base64-js\0.0.2\package.tgz
673 info preinstall to-utf8@0.0.1
674 info preinstall base64-js@0.0.2
675 verbose readDependencies using package.json deps
676 verbose readDependencies using package.json deps
677 verbose readDependencies using package.json deps
678 silly resolved []
679 verbose about to build T:\GitHub\Clipboard\node_modules\qrcode\node_modules\bops\node_modules\to-utf8
680 info build T:\GitHub\Clipboard\node_modules\qrcode\node_modules\bops\node_modules\to-utf8
681 verbose linkStuff [ false,
681 verbose linkStuff   false,
681 verbose linkStuff   false,
681 verbose linkStuff   'T:\\GitHub\\Clipboard\\node_modules\\qrcode\\node_modules\\bops\\node_modules' ]
682 info linkStuff to-utf8@0.0.1
683 verbose linkBins to-utf8@0.0.1
684 verbose linkMans to-utf8@0.0.1
685 verbose rebuildBundles to-utf8@0.0.1
686 verbose readDependencies using package.json deps
687 silly resolved []
688 verbose about to build T:\GitHub\Clipboard\node_modules\qrcode\node_modules\bops\node_modules\base64-js
689 info build T:\GitHub\Clipboard\node_modules\qrcode\node_modules\bops\node_modules\base64-js
690 verbose linkStuff [ false,
690 verbose linkStuff   false,
690 verbose linkStuff   false,
690 verbose linkStuff   'T:\\GitHub\\Clipboard\\node_modules\\qrcode\\node_modules\\bops\\node_modules' ]
691 info linkStuff base64-js@0.0.2
692 verbose linkBins base64-js@0.0.2
693 verbose linkMans base64-js@0.0.2
694 verbose rebuildBundles base64-js@0.0.2
695 info install to-utf8@0.0.1
696 info install base64-js@0.0.2
697 info postinstall to-utf8@0.0.1
698 info postinstall base64-js@0.0.2
699 verbose about to build T:\GitHub\Clipboard\node_modules\qrcode\node_modules\bops
700 info build T:\GitHub\Clipboard\node_modules\qrcode\node_modules\bops
701 verbose linkStuff [ false,
701 verbose linkStuff   false,
701 verbose linkStuff   false,
701 verbose linkStuff   'T:\\GitHub\\Clipboard\\node_modules\\qrcode\\node_modules' ]
702 info linkStuff bops@0.0.6
703 verbose linkBins bops@0.0.6
704 verbose linkMans bops@0.0.6
705 verbose rebuildBundles bops@0.0.6
706 verbose rebuildBundles [ 'base64-js', 'to-utf8' ]
707 info install bops@0.0.6
708 info postinstall bops@0.0.6
709 info canvas@1.1.6 Failed to exec install script
710 verbose node_modules\qrcode\node_modules\canvas unbuild
711 info preuninstall canvas@1.1.6
712 info uninstall canvas@1.1.6
713 verbose false,T:\GitHub\Clipboard\node_modules,T:\GitHub\Clipboard\node_modules\qrcode\node_modules unbuild canvas@1.1.6
714 info postuninstall canvas@1.1.6
715 verbose about to build T:\GitHub\Clipboard\node_modules\qrcode
716 verbose node_modules\qrcode unbuild
717 info preuninstall qrcode@0.2.12
718 info uninstall qrcode@0.2.12
719 verbose true,T:\GitHub\Clipboard\node_modules,T:\GitHub\Clipboard\node_modules unbuild qrcode@0.2.12
720 verbose T:\GitHub\Clipboard\node_modules\.bin,[object Object] binRoot
721 info postuninstall qrcode@0.2.12
722 error canvas@1.1.6 install: `node-gyp rebuild`
722 error Exit status 1
723 error Failed at the canvas@1.1.6 install script.
723 error This is most likely a problem with the canvas package,
723 error not with npm itself.
723 error Tell the author that this fails on your system:
723 error     node-gyp rebuild
723 error You can get their info via:
723 error     npm owner ls canvas
723 error There is likely additional logging output above.
724 error System Windows_NT 6.1.7601
725 error command "C:\\Program Files (x86)\\nodejs\\\\node.exe" "C:\\Program Files (x86)\\nodejs\\node_modules\\npm\\bin\\npm-cli.js" "install" "qrcode"
726 error cwd T:\GitHub\Clipboard
727 error node -v v0.10.31
728 error npm -v 1.4.23
729 error code ELIFECYCLE
730 verbose exit [ 1, true ]
